[13:01:10 - main] [Cooja.java:3172] [WARN] - JAVA_HOME environment variable not set, Cooja motes may not compile
[13:01:10 - AWT-EventQueue-0] [Cooja.java:2856] [INFO] - External tools default settings: /external_tools_linux_64.config
[13:01:10 - AWT-EventQueue-0] [Cooja.java:2886] [INFO] - External tools user settings: /root/.cooja.user.properties
[13:01:21 - AWT-EventQueue-0] [Cooja.java:2315] [INFO] - Load command cancelled by user...
[13:01:25 - AWT-EventQueue-0] [Simulation.java:422] [INFO] - Simulation random seed: 123456
[13:01:25 - AWT-EventQueue-0] [Visualizer.java:256] [INFO] - Registered external visualizer: org.contikios.cooja.plugins.skins.DGRMVisualizerSkin
[13:01:54 - AWT-EventQueue-0] [Cooja.java:4140] [WARN] - Path is not portable: '/home/user/6lowpan-nd-contiki/6lowpan-nd-6lbr/lbr.c
[13:01:55 - AWT-EventQueue-0] [CompileContiki.java:140] [INFO] - > make lbr.sky TARGET=sky 
[13:01:58 - AWT-EventQueue-0] [MspMote.java:235] [INFO] - Loading firmware from: /home/user/6lowpan-nd-contiki/6lowpan-nd-6lbr/lbr.sky
[13:02:13 - AWT-EventQueue-0] [Cooja.java:4140] [WARN] - Path is not portable: '/home/user/6lowpan-nd-contiki/6lowpan-nd-6ln/ln1.c
[13:02:14 - AWT-EventQueue-0] [CompileContiki.java:140] [INFO] - > make ln1.sky TARGET=sky 
[13:02:16 - AWT-EventQueue-0] [MspMote.java:235] [INFO] - Loading firmware from: /home/user/6lowpan-nd-contiki/6lowpan-nd-6ln/ln1.sky
[13:02:36 - AWT-EventQueue-0] [Cooja.java:4140] [WARN] - Path is not portable: '/home/user/6lowpan-nd-contiki/6lowpan-nd-6ln2/ln2.c
[13:02:37 - AWT-EventQueue-0] [CompileContiki.java:140] [INFO] - > make ln2.sky TARGET=sky 
[13:02:39 - AWT-EventQueue-0] [MspMote.java:235] [INFO] - Loading firmware from: /home/user/6lowpan-nd-contiki/6lowpan-nd-6ln2/ln2.sky
[13:02:55 - AWT-EventQueue-0] [Cooja.java:4140] [WARN] - Path is not portable: '/home/user/6lowpan-nd-contiki/6lowpan-nd-6ln3/ln3.c
[13:02:56 - AWT-EventQueue-0] [CompileContiki.java:140] [INFO] - > make ln3.sky TARGET=sky 
[13:02:58 - AWT-EventQueue-0] [MspMote.java:235] [INFO] - Loading firmware from: /home/user/6lowpan-nd-contiki/6lowpan-nd-6ln3/ln3.sky
[13:03:12 - AWT-EventQueue-0] [Cooja.java:4140] [WARN] - Path is not portable: '/home/user/6lowpan-nd-contiki/6lowpan-nd-6ln4/ln4.c
[13:03:13 - AWT-EventQueue-0] [CompileContiki.java:140] [INFO] - > make ln4.sky TARGET=sky 
[13:03:15 - AWT-EventQueue-0] [MspMote.java:235] [INFO] - Loading firmware from: /home/user/6lowpan-nd-contiki/6lowpan-nd-6ln4/ln4.sky
[13:03:29 - AWT-EventQueue-0] [Cooja.java:4140] [WARN] - Path is not portable: '/home/user/6lowpan-nd-contiki/6lowpan-nd-6ln5/ln5.c
[13:03:30 - AWT-EventQueue-0] [CompileContiki.java:140] [INFO] - > make ln5.sky TARGET=sky 
[13:03:32 - AWT-EventQueue-0] [MspMote.java:235] [INFO] - Loading firmware from: /home/user/6lowpan-nd-contiki/6lowpan-nd-6ln5/ln5.sky
[13:03:48 - AWT-EventQueue-0] [Cooja.java:4140] [WARN] - Path is not portable: '/home/user/6lowpan-nd-contiki/6lowpan-nd-6ln6/ln6.c
[13:03:49 - AWT-EventQueue-0] [CompileContiki.java:140] [INFO] - > make ln6.sky TARGET=sky 
[13:03:51 - AWT-EventQueue-0] [MspMote.java:235] [INFO] - Loading firmware from: /home/user/6lowpan-nd-contiki/6lowpan-nd-6ln6/ln6.sky
[13:04:06 - AWT-EventQueue-0] [Cooja.java:4140] [WARN] - Path is not portable: '/home/user/6lowpan-nd-contiki/6lowpan-nd-6ln7/ln7.c
[13:04:07 - AWT-EventQueue-0] [CompileContiki.java:140] [INFO] - > make ln7.sky TARGET=sky 
[13:04:09 - AWT-EventQueue-0] [MspMote.java:235] [INFO] - Loading firmware from: /home/user/6lowpan-nd-contiki/6lowpan-nd-6ln7/ln7.sky
[13:04:58 - Thread-9] [Cooja.java:4140] [WARN] - Path is not portable: '/home/user/6lowpan-nd-contiki/6lowpan-nd-6lbr/lbr.c
[13:04:58 - Thread-9] [Cooja.java:4140] [WARN] - Path is not portable: '/home/user/6lowpan-nd-contiki/6lowpan-nd-6lbr/lbr.sky
[13:04:58 - Thread-9] [Cooja.java:4140] [WARN] - Path is not portable: '/home/user/6lowpan-nd-contiki/6lowpan-nd-6ln/ln1.c
[13:04:58 - Thread-9] [Cooja.java:4140] [WARN] - Path is not portable: '/home/user/6lowpan-nd-contiki/6lowpan-nd-6ln/ln1.sky
[13:04:58 - Thread-9] [Cooja.java:4140] [WARN] - Path is not portable: '/home/user/6lowpan-nd-contiki/6lowpan-nd-6ln2/ln2.c
[13:04:58 - Thread-9] [Cooja.java:4140] [WARN] - Path is not portable: '/home/user/6lowpan-nd-contiki/6lowpan-nd-6ln2/ln2.sky
[13:04:58 - Thread-9] [Cooja.java:4140] [WARN] - Path is not portable: '/home/user/6lowpan-nd-contiki/6lowpan-nd-6ln3/ln3.c
[13:04:58 - Thread-9] [Cooja.java:4140] [WARN] - Path is not portable: '/home/user/6lowpan-nd-contiki/6lowpan-nd-6ln3/ln3.sky
[13:04:58 - Thread-9] [Cooja.java:4140] [WARN] - Path is not portable: '/home/user/6lowpan-nd-contiki/6lowpan-nd-6ln4/ln4.c
[13:04:58 - Thread-9] [Cooja.java:4140] [WARN] - Path is not portable: '/home/user/6lowpan-nd-contiki/6lowpan-nd-6ln4/ln4.sky
[13:04:58 - Thread-9] [Cooja.java:4140] [WARN] - Path is not portable: '/home/user/6lowpan-nd-contiki/6lowpan-nd-6ln5/ln5.c
[13:04:58 - Thread-9] [Cooja.java:4140] [WARN] - Path is not portable: '/home/user/6lowpan-nd-contiki/6lowpan-nd-6ln5/ln5.sky
[13:04:58 - Thread-9] [Cooja.java:4140] [WARN] - Path is not portable: '/home/user/6lowpan-nd-contiki/6lowpan-nd-6ln6/ln6.c
[13:04:58 - Thread-9] [Cooja.java:4140] [WARN] - Path is not portable: '/home/user/6lowpan-nd-contiki/6lowpan-nd-6ln6/ln6.sky
[13:04:58 - Thread-9] [Cooja.java:4140] [WARN] - Path is not portable: '/home/user/6lowpan-nd-contiki/6lowpan-nd-6ln7/ln7.c
[13:04:58 - Thread-9] [Cooja.java:4140] [WARN] - Path is not portable: '/home/user/6lowpan-nd-contiki/6lowpan-nd-6ln7/ln7.sky
[13:04:59 - Thread-9] [Simulation.java:422] [INFO] - Simulation random seed: 123456
[13:04:59 - Thread-9] [CompileContiki.java:140] [INFO] - > make lbr.sky TARGET=sky 
[13:04:59 - Thread-9] [CompileContiki.java:140] [INFO] - > make ln1.sky TARGET=sky 
[13:04:59 - Thread-9] [CompileContiki.java:140] [INFO] - > make ln2.sky TARGET=sky 
[13:04:59 - Thread-9] [CompileContiki.java:140] [INFO] - > make ln3.sky TARGET=sky 
[13:04:59 - Thread-9] [CompileContiki.java:140] [INFO] - > make ln4.sky TARGET=sky 
[13:05:00 - Thread-9] [CompileContiki.java:140] [INFO] - > make ln5.sky TARGET=sky 
[13:05:00 - Thread-9] [CompileContiki.java:140] [INFO] - > make ln6.sky TARGET=sky 
[13:05:00 - Thread-9] [CompileContiki.java:140] [INFO] - > make ln7.sky TARGET=sky 
[13:05:00 - Thread-9] [MspMote.java:235] [INFO] - Loading firmware from: /home/user/6lowpan-nd-contiki/6lowpan-nd-6lbr/lbr.sky
[13:05:01 - Thread-9] [MspMote.java:235] [INFO] - Loading firmware from: /home/user/6lowpan-nd-contiki/6lowpan-nd-6ln/ln1.sky
[13:05:01 - Thread-9] [MspMote.java:235] [INFO] - Loading firmware from: /home/user/6lowpan-nd-contiki/6lowpan-nd-6ln2/ln2.sky
[13:05:01 - Thread-9] [MspMote.java:235] [INFO] - Loading firmware from: /home/user/6lowpan-nd-contiki/6lowpan-nd-6ln3/ln3.sky
[13:05:01 - Thread-9] [MspMote.java:235] [INFO] - Loading firmware from: /home/user/6lowpan-nd-contiki/6lowpan-nd-6ln4/ln4.sky
[13:05:02 - Thread-9] [MspMote.java:235] [INFO] - Loading firmware from: /home/user/6lowpan-nd-contiki/6lowpan-nd-6ln5/ln5.sky
[13:05:02 - Thread-9] [MspMote.java:235] [INFO] - Loading firmware from: /home/user/6lowpan-nd-contiki/6lowpan-nd-6ln6/ln6.sky
[13:05:03 - Thread-9] [MspMote.java:235] [INFO] - Loading firmware from: /home/user/6lowpan-nd-contiki/6lowpan-nd-6ln7/ln7.sky
[13:05:03 - Thread-9] [TimeLine.java:567] [INFO] - Zoom level: 500.0 microseconds/pixel 
[13:05:19 - AWT-EventQueue-0] [Cooja.java:3491] [INFO] - Saved to file: /home/user/6lowpan-nd-contiki/6lowpan-nd-6lbr/sim4.3-1LBR-7N.csc
[13:05:21 - Thread-10] [Simulation.java:253] [INFO] - Simulation main loop started, system time: 1710680721711
[13:05:22 - AWT-EventQueue-0] [PcapExporter.java:36] [INFO] - Opened pcap file radiolog-1710680722131.pcap
[13:05:30 - Thread-10] [Simulation.java:312] [INFO] - Simulation main loop stopped, system time: 1710680730873	Duration: 9162 ms	Simulated time 85688 ms	Ratio 9.352543112857454
[13:07:12 - Thread-11] [Simulation.java:422] [INFO] - Simulation random seed: 123456
[13:07:12 - Thread-11] [CompileContiki.java:140] [INFO] - > make lbr.sky TARGET=sky 
[13:07:13 - Thread-11] [CompileContiki.java:140] [INFO] - > make ln1.sky TARGET=sky 
[13:07:13 - Thread-11] [CompileContiki.java:140] [INFO] - > make ln2.sky TARGET=sky 
[13:07:13 - Thread-11] [CompileContiki.java:140] [INFO] - > make ln3.sky TARGET=sky 
[13:07:13 - Thread-11] [CompileContiki.java:140] [INFO] - > make ln4.sky TARGET=sky 
[13:07:14 - Thread-11] [CompileContiki.java:140] [INFO] - > make ln5.sky TARGET=sky 
[13:07:14 - Thread-11] [CompileContiki.java:140] [INFO] - > make ln6.sky TARGET=sky 
[13:07:14 - Thread-11] [CompileContiki.java:140] [INFO] - > make ln7.sky TARGET=sky 
[13:07:14 - Thread-11] [MspMote.java:235] [INFO] - Loading firmware from: /home/user/6lowpan-nd-contiki/6lowpan-nd-6lbr/lbr.sky
[13:07:14 - Thread-11] [MspMote.java:235] [INFO] - Loading firmware from: /home/user/6lowpan-nd-contiki/6lowpan-nd-6lbr/../6lowpan-nd-6ln/ln1.sky
[13:07:15 - Thread-11] [MspMote.java:235] [INFO] - Loading firmware from: /home/user/6lowpan-nd-contiki/6lowpan-nd-6lbr/../6lowpan-nd-6ln2/ln2.sky
[13:07:15 - Thread-11] [MspMote.java:235] [INFO] - Loading firmware from: /home/user/6lowpan-nd-contiki/6lowpan-nd-6lbr/../6lowpan-nd-6ln3/ln3.sky
[13:07:16 - Thread-11] [MspMote.java:235] [INFO] - Loading firmware from: /home/user/6lowpan-nd-contiki/6lowpan-nd-6lbr/../6lowpan-nd-6ln4/ln4.sky
[13:07:16 - Thread-11] [MspMote.java:235] [INFO] - Loading firmware from: /home/user/6lowpan-nd-contiki/6lowpan-nd-6lbr/../6lowpan-nd-6ln5/ln5.sky
[13:07:16 - Thread-11] [MspMote.java:235] [INFO] - Loading firmware from: /home/user/6lowpan-nd-contiki/6lowpan-nd-6lbr/../6lowpan-nd-6ln6/ln6.sky
[13:07:17 - Thread-11] [MspMote.java:235] [INFO] - Loading firmware from: /home/user/6lowpan-nd-contiki/6lowpan-nd-6lbr/../6lowpan-nd-6ln7/ln7.sky
[13:07:17 - Thread-11] [TimeLine.java:567] [INFO] - Zoom level: 500.0 microseconds/pixel 
[13:07:19 - Thread-12] [Simulation.java:253] [INFO] - Simulation main loop started, system time: 1710680839195
[13:07:19 - AWT-EventQueue-0] [PcapExporter.java:36] [INFO] - Opened pcap file radiolog-1710680839344.pcap
[13:07:25 - Thread-12] [Simulation.java:312] [INFO] - Simulation main loop stopped, system time: 1710680845549	Duration: 6354 ms	Simulated time 58008 ms	Ratio 9.12936732766761
[13:07:37 - Thread-13] [Simulation.java:422] [INFO] - Simulation random seed: 123456
[13:07:37 - Thread-13] [CompileContiki.java:140] [INFO] - > make lbr.sky TARGET=sky 
[13:07:38 - Thread-13] [CompileContiki.java:140] [INFO] - > make ln1.sky TARGET=sky 
[13:07:38 - Thread-13] [CompileContiki.java:140] [INFO] - > make ln2.sky TARGET=sky 
[13:07:38 - Thread-13] [CompileContiki.java:140] [INFO] - > make ln3.sky TARGET=sky 
[13:07:38 - Thread-13] [CompileContiki.java:140] [INFO] - > make ln4.sky TARGET=sky 
[13:07:38 - Thread-13] [CompileContiki.java:140] [INFO] - > make ln5.sky TARGET=sky 
[13:07:39 - Thread-13] [CompileContiki.java:140] [INFO] - > make ln6.sky TARGET=sky 
[13:07:39 - Thread-13] [CompileContiki.java:140] [INFO] - > make ln7.sky TARGET=sky 
[13:07:39 - Thread-13] [MspMote.java:235] [INFO] - Loading firmware from: /home/user/6lowpan-nd-contiki/6lowpan-nd-6lbr/lbr.sky
[13:07:39 - Thread-13] [MspMote.java:235] [INFO] - Loading firmware from: /home/user/6lowpan-nd-contiki/6lowpan-nd-6lbr/../6lowpan-nd-6ln/ln1.sky
[13:07:40 - Thread-13] [MspMote.java:235] [INFO] - Loading firmware from: /home/user/6lowpan-nd-contiki/6lowpan-nd-6lbr/../6lowpan-nd-6ln2/ln2.sky
[13:07:40 - Thread-13] [MspMote.java:235] [INFO] - Loading firmware from: /home/user/6lowpan-nd-contiki/6lowpan-nd-6lbr/../6lowpan-nd-6ln3/ln3.sky
[13:07:41 - Thread-13] [MspMote.java:235] [INFO] - Loading firmware from: /home/user/6lowpan-nd-contiki/6lowpan-nd-6lbr/../6lowpan-nd-6ln4/ln4.sky
[13:07:41 - Thread-13] [MspMote.java:235] [INFO] - Loading firmware from: /home/user/6lowpan-nd-contiki/6lowpan-nd-6lbr/../6lowpan-nd-6ln5/ln5.sky
[13:07:41 - Thread-13] [MspMote.java:235] [INFO] - Loading firmware from: /home/user/6lowpan-nd-contiki/6lowpan-nd-6lbr/../6lowpan-nd-6ln6/ln6.sky
[13:07:42 - Thread-13] [MspMote.java:235] [INFO] - Loading firmware from: /home/user/6lowpan-nd-contiki/6lowpan-nd-6lbr/../6lowpan-nd-6ln7/ln7.sky
[13:07:42 - Thread-13] [TimeLine.java:567] [INFO] - Zoom level: 500.0 microseconds/pixel 
[13:07:44 - Thread-14] [Simulation.java:253] [INFO] - Simulation main loop started, system time: 1710680864616
[13:07:44 - AWT-EventQueue-0] [PcapExporter.java:36] [INFO] - Opened pcap file radiolog-1710680864757.pcap
[13:07:51 - Thread-14] [Simulation.java:312] [INFO] - Simulation main loop stopped, system time: 1710680871682	Duration: 7066 ms	Simulated time 75624 ms	Ratio 10.702519105575998
[13:08:09 - Thread-15] [Simulation.java:253] [INFO] - Simulation main loop started, system time: 1710680889227
[13:08:10 - Thread-15] [Simulation.java:312] [INFO] - Simulation main loop stopped, system time: 1710680890709	Duration: 1482 ms	Simulated time 105327 ms	Ratio 71.07085020242916
[13:15:19 - Thread-16] [Simulation.java:422] [INFO] - Simulation random seed: 123456
[13:15:19 - Thread-16] [CompileContiki.java:140] [INFO] - > make lbr.sky TARGET=sky 
[13:15:19 - Thread-16] [CompileContiki.java:140] [INFO] - > make ln1.sky TARGET=sky 
[13:15:22 - Thread-16] [CompileContiki.java:140] [INFO] - > make ln2.sky TARGET=sky 
[13:15:24 - Thread-16] [CompileContiki.java:140] [INFO] - > make ln3.sky TARGET=sky 
[13:15:27 - Thread-16] [CompileContiki.java:140] [INFO] - > make ln4.sky TARGET=sky 
[13:15:30 - Thread-16] [CompileContiki.java:140] [INFO] - > make ln5.sky TARGET=sky 
[13:15:32 - Thread-16] [CompileContiki.java:140] [INFO] - > make ln6.sky TARGET=sky 
[13:15:36 - Thread-16] [CompileContiki.java:140] [INFO] - > make ln7.sky TARGET=sky 
[13:15:39 - Thread-16] [MspMote.java:235] [INFO] - Loading firmware from: /home/user/6lowpan-nd-contiki/6lowpan-nd-6lbr/lbr.sky
[13:15:40 - Thread-16] [MspMote.java:235] [INFO] - Loading firmware from: /home/user/6lowpan-nd-contiki/6lowpan-nd-6lbr/../6lowpan-nd-6ln/ln1.sky
[13:15:40 - Thread-16] [MspMote.java:235] [INFO] - Loading firmware from: /home/user/6lowpan-nd-contiki/6lowpan-nd-6lbr/../6lowpan-nd-6ln2/ln2.sky
[13:15:40 - Thread-16] [MspMote.java:235] [INFO] - Loading firmware from: /home/user/6lowpan-nd-contiki/6lowpan-nd-6lbr/../6lowpan-nd-6ln3/ln3.sky
[13:15:41 - Thread-16] [MspMote.java:235] [INFO] - Loading firmware from: /home/user/6lowpan-nd-contiki/6lowpan-nd-6lbr/../6lowpan-nd-6ln4/ln4.sky
[13:15:41 - Thread-16] [MspMote.java:235] [INFO] - Loading firmware from: /home/user/6lowpan-nd-contiki/6lowpan-nd-6lbr/../6lowpan-nd-6ln5/ln5.sky
[13:15:42 - Thread-16] [MspMote.java:235] [INFO] - Loading firmware from: /home/user/6lowpan-nd-contiki/6lowpan-nd-6lbr/../6lowpan-nd-6ln6/ln6.sky
[13:15:42 - Thread-16] [MspMote.java:235] [INFO] - Loading firmware from: /home/user/6lowpan-nd-contiki/6lowpan-nd-6lbr/../6lowpan-nd-6ln7/ln7.sky
[13:15:42 - Thread-16] [TimeLine.java:567] [INFO] - Zoom level: 500.0 microseconds/pixel 
[13:15:47 - Thread-17] [Simulation.java:253] [INFO] - Simulation main loop started, system time: 1710681347000
[13:15:47 - AWT-EventQueue-0] [PcapExporter.java:36] [INFO] - Opened pcap file radiolog-1710681347451.pcap
[13:15:56 - Thread-17] [Simulation.java:312] [INFO] - Simulation main loop stopped, system time: 1710681356274	Duration: 9274 ms	Simulated time 92226 ms	Ratio 9.944576234634463
[13:20:55 - Thread-18] [Simulation.java:422] [INFO] - Simulation random seed: 123456
[13:20:55 - Thread-18] [CompileContiki.java:140] [INFO] - > make lbr.sky TARGET=sky 
[13:20:55 - Thread-18] [CompileContiki.java:140] [INFO] - > make ln1.sky TARGET=sky 
[13:20:58 - Thread-18] [CompileContiki.java:140] [INFO] - > make ln2.sky TARGET=sky 
[13:21:00 - Thread-18] [CompileContiki.java:140] [INFO] - > make ln3.sky TARGET=sky 
[13:21:03 - Thread-18] [CompileContiki.java:140] [INFO] - > make ln4.sky TARGET=sky 
[13:21:06 - Thread-18] [CompileContiki.java:140] [INFO] - > make ln5.sky TARGET=sky 
[13:21:09 - Thread-18] [CompileContiki.java:140] [INFO] - > make ln6.sky TARGET=sky 
[13:21:11 - Thread-18] [CompileContiki.java:140] [INFO] - > make ln7.sky TARGET=sky 
[13:21:14 - Thread-18] [MspMote.java:235] [INFO] - Loading firmware from: /home/user/6lowpan-nd-contiki/6lowpan-nd-6lbr/lbr.sky
[13:21:15 - Thread-18] [MspMote.java:235] [INFO] - Loading firmware from: /home/user/6lowpan-nd-contiki/6lowpan-nd-6lbr/../6lowpan-nd-6ln/ln1.sky
[13:21:15 - Thread-18] [MspMote.java:235] [INFO] - Loading firmware from: /home/user/6lowpan-nd-contiki/6lowpan-nd-6lbr/../6lowpan-nd-6ln2/ln2.sky
[13:21:15 - Thread-18] [MspMote.java:235] [INFO] - Loading firmware from: /home/user/6lowpan-nd-contiki/6lowpan-nd-6lbr/../6lowpan-nd-6ln3/ln3.sky
[13:21:16 - Thread-18] [MspMote.java:235] [INFO] - Loading firmware from: /home/user/6lowpan-nd-contiki/6lowpan-nd-6lbr/../6lowpan-nd-6ln4/ln4.sky
[13:21:16 - Thread-18] [MspMote.java:235] [INFO] - Loading firmware from: /home/user/6lowpan-nd-contiki/6lowpan-nd-6lbr/../6lowpan-nd-6ln5/ln5.sky
[13:21:16 - Thread-18] [MspMote.java:235] [INFO] - Loading firmware from: /home/user/6lowpan-nd-contiki/6lowpan-nd-6lbr/../6lowpan-nd-6ln6/ln6.sky
[13:21:17 - Thread-18] [MspMote.java:235] [INFO] - Loading firmware from: /home/user/6lowpan-nd-contiki/6lowpan-nd-6lbr/../6lowpan-nd-6ln7/ln7.sky
[13:21:17 - Thread-18] [TimeLine.java:567] [INFO] - Zoom level: 500.0 microseconds/pixel 
[13:21:22 - Thread-19] [Simulation.java:253] [INFO] - Simulation main loop started, system time: 1710681682446
[13:21:23 - AWT-EventQueue-0] [PcapExporter.java:36] [INFO] - Opened pcap file radiolog-1710681683207.pcap
[13:21:33 - Thread-19] [Simulation.java:312] [INFO] - Simulation main loop stopped, system time: 1710681693023	Duration: 10577 ms	Simulated time 101015 ms	Ratio 9.550439633166304
[14:26:25 - Thread-20] [Simulation.java:422] [INFO] - Simulation random seed: 123456
[14:26:25 - Thread-20] [CompileContiki.java:140] [INFO] - > make lbr.sky TARGET=sky 
[14:26:25 - Thread-20] [CompileContiki.java:140] [INFO] - > make ln1.sky TARGET=sky 
[14:26:27 - Thread-20] [CompileContiki.java:140] [INFO] - > make ln2.sky TARGET=sky 
[14:26:30 - Thread-20] [CompileContiki.java:140] [INFO] - > make ln3.sky TARGET=sky 
[14:26:32 - Thread-20] [CompileContiki.java:140] [INFO] - > make ln4.sky TARGET=sky 
[14:26:35 - Thread-20] [CompileContiki.java:140] [INFO] - > make ln5.sky TARGET=sky 
[14:26:38 - Thread-20] [CompileContiki.java:140] [INFO] - > make ln6.sky TARGET=sky 
[14:26:40 - Thread-20] [CompileContiki.java:140] [INFO] - > make ln7.sky TARGET=sky 
[14:26:44 - Thread-20] [MspMote.java:235] [INFO] - Loading firmware from: /home/user/6lowpan-nd-contiki/6lowpan-nd-6lbr/lbr.sky
[14:26:44 - Thread-20] [MspMote.java:235] [INFO] - Loading firmware from: /home/user/6lowpan-nd-contiki/6lowpan-nd-6lbr/../6lowpan-nd-6ln/ln1.sky
[14:26:44 - Thread-20] [MspMote.java:235] [INFO] - Loading firmware from: /home/user/6lowpan-nd-contiki/6lowpan-nd-6lbr/../6lowpan-nd-6ln2/ln2.sky
[14:26:45 - Thread-20] [MspMote.java:235] [INFO] - Loading firmware from: /home/user/6lowpan-nd-contiki/6lowpan-nd-6lbr/../6lowpan-nd-6ln3/ln3.sky
[14:26:45 - Thread-20] [MspMote.java:235] [INFO] - Loading firmware from: /home/user/6lowpan-nd-contiki/6lowpan-nd-6lbr/../6lowpan-nd-6ln4/ln4.sky
[14:26:45 - Thread-20] [MspMote.java:235] [INFO] - Loading firmware from: /home/user/6lowpan-nd-contiki/6lowpan-nd-6lbr/../6lowpan-nd-6ln5/ln5.sky
[14:26:46 - Thread-20] [MspMote.java:235] [INFO] - Loading firmware from: /home/user/6lowpan-nd-contiki/6lowpan-nd-6lbr/../6lowpan-nd-6ln6/ln6.sky
[14:26:46 - Thread-20] [MspMote.java:235] [INFO] - Loading firmware from: /home/user/6lowpan-nd-contiki/6lowpan-nd-6lbr/../6lowpan-nd-6ln7/ln7.sky
[14:26:46 - Thread-20] [TimeLine.java:567] [INFO] - Zoom level: 500.0 microseconds/pixel 
[14:27:24 - Thread-21] [Simulation.java:253] [INFO] - Simulation main loop started, system time: 1710685644986
[14:27:25 - AWT-EventQueue-0] [PcapExporter.java:36] [INFO] - Opened pcap file radiolog-1710685645859.pcap
[14:27:34 - Thread-21] [Simulation.java:312] [INFO] - Simulation main loop stopped, system time: 1710685654107	Duration: 9121 ms	Simulated time 106844 ms	Ratio 11.714066440083323
[14:31:36 - Thread-22] [Simulation.java:422] [INFO] - Simulation random seed: 123456
[14:31:36 - Thread-22] [CompileContiki.java:140] [INFO] - > make lbr.sky TARGET=sky 
[14:31:36 - Thread-22] [CompileContiki.java:140] [INFO] - > make ln1.sky TARGET=sky 
[14:31:39 - Thread-22] [CompileContiki.java:140] [INFO] - > make ln2.sky TARGET=sky 
[14:31:41 - Thread-22] [CompileContiki.java:140] [INFO] - > make ln3.sky TARGET=sky 
[14:31:44 - Thread-22] [CompileContiki.java:140] [INFO] - > make ln4.sky TARGET=sky 
[14:31:47 - Thread-22] [CompileContiki.java:140] [INFO] - > make ln5.sky TARGET=sky 
[14:31:50 - Thread-22] [CompileContiki.java:140] [INFO] - > make ln6.sky TARGET=sky 
[14:31:52 - Thread-22] [CompileContiki.java:140] [INFO] - > make ln7.sky TARGET=sky 
[14:31:55 - Thread-22] [MspMote.java:235] [INFO] - Loading firmware from: /home/user/6lowpan-nd-contiki/6lowpan-nd-6lbr/lbr.sky
[14:31:56 - Thread-22] [MspMote.java:235] [INFO] - Loading firmware from: /home/user/6lowpan-nd-contiki/6lowpan-nd-6lbr/../6lowpan-nd-6ln/ln1.sky
[14:31:56 - Thread-22] [MspMote.java:235] [INFO] - Loading firmware from: /home/user/6lowpan-nd-contiki/6lowpan-nd-6lbr/../6lowpan-nd-6ln2/ln2.sky
[14:31:56 - Thread-22] [MspMote.java:235] [INFO] - Loading firmware from: /home/user/6lowpan-nd-contiki/6lowpan-nd-6lbr/../6lowpan-nd-6ln3/ln3.sky
[14:31:57 - Thread-22] [MspMote.java:235] [INFO] - Loading firmware from: /home/user/6lowpan-nd-contiki/6lowpan-nd-6lbr/../6lowpan-nd-6ln4/ln4.sky
[14:31:57 - Thread-22] [MspMote.java:235] [INFO] - Loading firmware from: /home/user/6lowpan-nd-contiki/6lowpan-nd-6lbr/../6lowpan-nd-6ln5/ln5.sky
[14:31:57 - Thread-22] [MspMote.java:235] [INFO] - Loading firmware from: /home/user/6lowpan-nd-contiki/6lowpan-nd-6lbr/../6lowpan-nd-6ln6/ln6.sky
[14:31:58 - Thread-22] [MspMote.java:235] [INFO] - Loading firmware from: /home/user/6lowpan-nd-contiki/6lowpan-nd-6lbr/../6lowpan-nd-6ln7/ln7.sky
[14:31:58 - Thread-22] [TimeLine.java:567] [INFO] - Zoom level: 500.0 microseconds/pixel 
[14:32:29 - Thread-23] [Simulation.java:253] [INFO] - Simulation main loop started, system time: 1710685949506
[14:32:29 - AWT-EventQueue-0] [PcapExporter.java:36] [INFO] - Opened pcap file radiolog-1710685949996.pcap
[14:32:37 - Thread-23] [Simulation.java:312] [INFO] - Simulation main loop stopped, system time: 1710685957320	Duration: 7814 ms	Simulated time 83471 ms	Ratio 10.682237010493985
[14:37:19 - Thread-24] [Simulation.java:422] [INFO] - Simulation random seed: 123456
[14:37:19 - Thread-24] [CompileContiki.java:140] [INFO] - > make lbr.sky TARGET=sky 
[14:37:19 - Thread-24] [CompileContiki.java:140] [INFO] - > make ln1.sky TARGET=sky 
[14:37:22 - Thread-24] [CompileContiki.java:140] [INFO] - > make ln2.sky TARGET=sky 
[14:37:25 - Thread-24] [CompileContiki.java:140] [INFO] - > make ln3.sky TARGET=sky 
[14:37:28 - Thread-24] [CompileContiki.java:140] [INFO] - > make ln4.sky TARGET=sky 
[14:37:31 - Thread-24] [CompileContiki.java:140] [INFO] - > make ln5.sky TARGET=sky 
[14:37:34 - Thread-24] [CompileContiki.java:140] [INFO] - > make ln6.sky TARGET=sky 
[14:37:36 - Thread-24] [CompileContiki.java:140] [INFO] - > make ln7.sky TARGET=sky 
[14:37:39 - Thread-24] [MspMote.java:235] [INFO] - Loading firmware from: /home/user/6lowpan-nd-contiki/6lowpan-nd-6lbr/lbr.sky
[14:37:40 - Thread-24] [MspMote.java:235] [INFO] - Loading firmware from: /home/user/6lowpan-nd-contiki/6lowpan-nd-6lbr/../6lowpan-nd-6ln/ln1.sky
[14:37:40 - Thread-24] [MspMote.java:235] [INFO] - Loading firmware from: /home/user/6lowpan-nd-contiki/6lowpan-nd-6lbr/../6lowpan-nd-6ln2/ln2.sky
[14:37:41 - Thread-24] [MspMote.java:235] [INFO] - Loading firmware from: /home/user/6lowpan-nd-contiki/6lowpan-nd-6lbr/../6lowpan-nd-6ln3/ln3.sky
[14:37:41 - Thread-24] [MspMote.java:235] [INFO] - Loading firmware from: /home/user/6lowpan-nd-contiki/6lowpan-nd-6lbr/../6lowpan-nd-6ln4/ln4.sky
[14:37:41 - Thread-24] [MspMote.java:235] [INFO] - Loading firmware from: /home/user/6lowpan-nd-contiki/6lowpan-nd-6lbr/../6lowpan-nd-6ln5/ln5.sky
[14:37:42 - Thread-24] [MspMote.java:235] [INFO] - Loading firmware from: /home/user/6lowpan-nd-contiki/6lowpan-nd-6lbr/../6lowpan-nd-6ln6/ln6.sky
[14:37:42 - Thread-24] [MspMote.java:235] [INFO] - Loading firmware from: /home/user/6lowpan-nd-contiki/6lowpan-nd-6lbr/../6lowpan-nd-6ln7/ln7.sky
[14:37:42 - Thread-24] [TimeLine.java:567] [INFO] - Zoom level: 500.0 microseconds/pixel 
[14:37:45 - Thread-25] [Simulation.java:253] [INFO] - Simulation main loop started, system time: 1710686265468
[14:37:45 - AWT-EventQueue-0] [PcapExporter.java:36] [INFO] - Opened pcap file radiolog-1710686265959.pcap
[14:37:53 - Thread-25] [Simulation.java:312] [INFO] - Simulation main loop stopped, system time: 1710686273936	Duration: 8468 ms	Simulated time 92403 ms	Ratio 10.912021728861596
[14:41:40 - Thread-26] [Simulation.java:422] [INFO] - Simulation random seed: 123456
[14:41:40 - Thread-26] [CompileContiki.java:140] [INFO] - > make lbr.sky TARGET=sky 
[14:41:40 - Thread-26] [CompileContiki.java:140] [INFO] - > make ln1.sky TARGET=sky 
[14:41:43 - Thread-26] [CompileContiki.java:140] [INFO] - > make ln2.sky TARGET=sky 
[14:41:46 - Thread-26] [CompileContiki.java:140] [INFO] - > make ln3.sky TARGET=sky 
[14:41:48 - Thread-26] [CompileContiki.java:140] [INFO] - > make ln4.sky TARGET=sky 
[14:41:51 - Thread-26] [CompileContiki.java:140] [INFO] - > make ln5.sky TARGET=sky 
[14:41:54 - Thread-26] [CompileContiki.java:140] [INFO] - > make ln6.sky TARGET=sky 
[14:41:56 - Thread-26] [CompileContiki.java:140] [INFO] - > make ln7.sky TARGET=sky 
[14:41:59 - Thread-26] [MspMote.java:235] [INFO] - Loading firmware from: /home/user/6lowpan-nd-contiki/6lowpan-nd-6lbr/lbr.sky
[14:41:59 - Thread-26] [MspMote.java:235] [INFO] - Loading firmware from: /home/user/6lowpan-nd-contiki/6lowpan-nd-6lbr/../6lowpan-nd-6ln/ln1.sky
[14:42:00 - Thread-26] [MspMote.java:235] [INFO] - Loading firmware from: /home/user/6lowpan-nd-contiki/6lowpan-nd-6lbr/../6lowpan-nd-6ln2/ln2.sky
[14:42:00 - Thread-26] [MspMote.java:235] [INFO] - Loading firmware from: /home/user/6lowpan-nd-contiki/6lowpan-nd-6lbr/../6lowpan-nd-6ln3/ln3.sky
[14:42:01 - Thread-26] [MspMote.java:235] [INFO] - Loading firmware from: /home/user/6lowpan-nd-contiki/6lowpan-nd-6lbr/../6lowpan-nd-6ln4/ln4.sky
[14:42:01 - Thread-26] [MspMote.java:235] [INFO] - Loading firmware from: /home/user/6lowpan-nd-contiki/6lowpan-nd-6lbr/../6lowpan-nd-6ln5/ln5.sky
[14:42:01 - Thread-26] [MspMote.java:235] [INFO] - Loading firmware from: /home/user/6lowpan-nd-contiki/6lowpan-nd-6lbr/../6lowpan-nd-6ln6/ln6.sky
[14:42:02 - Thread-26] [MspMote.java:235] [INFO] - Loading firmware from: /home/user/6lowpan-nd-contiki/6lowpan-nd-6lbr/../6lowpan-nd-6ln7/ln7.sky
[14:42:02 - Thread-26] [TimeLine.java:567] [INFO] - Zoom level: 500.0 microseconds/pixel 
[14:42:14 - Thread-27] [Simulation.java:253] [INFO] - Simulation main loop started, system time: 1710686534045
[14:42:14 - AWT-EventQueue-0] [PcapExporter.java:36] [INFO] - Opened pcap file radiolog-1710686534896.pcap
[14:42:22 - Thread-27] [Simulation.java:312] [INFO] - Simulation main loop stopped, system time: 1710686542866	Duration: 8821 ms	Simulated time 92903 ms	Ratio 10.53202584740959
